<?xml version="1.0" encoding="UTF-8"?>
<testng-results ignored="0" total="3" passed="3" failed="0" skipped="0">
  <reporter-output>
  </reporter-output>
  <suite started-at="2023-12-02T21:34:27 IST" name="Default suite" finished-at="2023-12-02T21:34:35 IST" duration-ms="7801">
    <groups>
    </groups>
    <test started-at="2023-12-02T21:34:27 IST" name="Default test" finished-at="2023-12-02T21:34:35 IST" duration-ms="7801">
      <class name="in.chrome.orange.testcases.LoginPageTestCase">
        <test-method signature="loginSuccessTestCase()[pri:1, instance:in.chrome.orange.testcases.LoginPageTestCase@33e01298]" started-at="2023-12-02T21:34:27 IST" name="loginSuccessTestCase" finished-at="2023-12-02T21:34:31 IST" duration-ms="4473" status="PASS">
          <reporter-output>
          </reporter-output>
        </test-method> <!-- loginSuccessTestCase -->
        <test-method signature="loginFailureWrongUsernameTestCase()[pri:2, instance:in.chrome.orange.testcases.LoginPageTestCase@33e01298]" started-at="2023-12-02T21:34:31 IST" name="loginFailureWrongUsernameTestCase" finished-at="2023-12-02T21:34:33 IST" duration-ms="1757" status="PASS">
          <reporter-output>
          </reporter-output>
        </test-method> <!-- loginFailureWrongUsernameTestCase -->
        <test-method signature="loginFailureWrongPasswordTestCase()[pri:3, instance:in.chrome.orange.testcases.LoginPageTestCase@33e01298]" started-at="2023-12-02T21:34:33 IST" name="loginFailureWrongPasswordTestCase" finished-at="2023-12-02T21:34:35 IST" duration-ms="1516" status="PASS">
          <reporter-output>
          </reporter-output>
        </test-method> <!-- loginFailureWrongPasswordTestCase -->
        <test-method is-config="true" signature="closeBrowser()[pri:0, instance:in.chrome.orange.testcases.LoginPageTestCase@33e01298]" started-at="2023-12-02T21:34:35 IST" name="closeBrowser" finished-at="2023-12-02T21:34:35 IST" duration-ms="177" status="PASS">
          <reporter-output>
          </reporter-output>
        </test-method> <!-- closeBrowser -->
      </class> <!-- in.chrome.orange.testcases.LoginPageTestCase -->
    </test> <!-- Default test -->
  </suite> <!-- Default suite -->
</testng-results>
