<?xml version="1.0" encoding="UTF-8"?>
<!-- Generated by org.testng.reporters.JUnitXMLReporter -->
<testsuite ignored="0" hostname="Portarasus-MacBook-Pro.local" failures="0" tests="3" name="LoginPageTest" time="6.941" errors="0" timestamp="2023-11-27T12:26:31 IST">
  <testcase classname="in.chrome.orange.testcases.LoginPageTestCase" name="loginSuccessTestCase" time="3.637"/>
  <testcase classname="in.chrome.orange.testcases.LoginPageTestCase" name="loginFailureWrongUsernameTestCase" time="1.54"/>
  <testcase classname="in.chrome.orange.testcases.LoginPageTestCase" name="loginFailureWrongPasswordTestCase" time="1.72"/>
</testsuite> <!-- LoginPageTest -->
