<?xml version="1.0" encoding="UTF-8"?>
<!-- Generated by org.testng.reporters.JUnitXMLReporter -->
<testsuite ignored="0" hostname="Portarasus-MacBook-Pro.local" failures="0" tests="3" name="Default test" time="7.801" errors="0" timestamp="2023-12-02T21:34:35 IST">
  <testcase classname="in.chrome.orange.testcases.LoginPageTestCase" name="loginSuccessTestCase" time="4.473"/>
  <testcase classname="in.chrome.orange.testcases.LoginPageTestCase" name="loginFailureWrongUsernameTestCase" time="1.757"/>
  <testcase classname="in.chrome.orange.testcases.LoginPageTestCase" name="loginFailureWrongPasswordTestCase" time="1.516"/>
</testsuite> <!-- Default test -->
